# JRE version: OpenJDK Runtime Environment (8.0_112-b06) (build 1.8.0_112-release-b06)
# Java VM: OpenJDK 64-Bit Server VM (25.112-b06 mixed mode windows-amd64 compressed oops)
Heap:
 PSYoungGen      total 179200K, used 3006K [0x00000000e0000000, 0x00000000efb00000, 0x0000000100000000)
  eden space 158208K, 1% used [0x00000000e0000000,0x00000000e02ef890,0x00000000e9a80000)
  from space 20992K, 0% used [0x00000000e9a80000,0x00000000e9a80000,0x00000000eaf00000)
  to   space 26624K, 0% used [0x00000000ee100000,0x00000000ee100000,0x00000000efb00000)
 ParOldGen       total 298496K, used 41502K [0x00000000a0000000, 0x00000000b2380000, 0x00000000e0000000)
  object space 298496K, 13% used [0x00000000a0000000,0x00000000a2887bc0,0x00000000b2380000)
 Metaspace       used 57484K, capacity 59174K, committed 59264K, reserved 1099776K
  class space    used 7666K, capacity 8026K, committed 8064K, reserved 1048576K
GC Heap History (10 events):
Event: 7.141 GC heap before
{Heap before GC invocations=8 (full 2):
 PSYoungGen      total 98304K, used 87552K [0x00000000e0000000, 0x00000000e9400000, 0x0000000100000000)
  eden space 87552K, 100% used [0x00000000e0000000,0x00000000e5580000,0x00000000e5580000)
  from space 10752K, 0% used [0x00000000e5580000,0x00000000e5580000,0x00000000e6000000)
  to   space 15360K, 0% used [0x00000000e8500000,0x00000000e8500000,0x00000000e9400000)
 ParOldGen       total 204800K, used 18094K [0x00000000a0000000, 0x00000000ac800000, 0x00000000e0000000)
  object space 204800K, 8% used [0x00000000a0000000,0x00000000a11ab8a8,0x00000000ac800000)
 Metaspace       used 41986K, capacity 42748K, committed 43008K, reserved 1087488K
  class space    used 5641K, capacity 5851K, committed 5888K, reserved 1048576K
Event: 7.156 GC heap after
Heap after GC invocations=8 (full 2):
 PSYoungGen      total 130048K, used 9377K [0x00000000e0000000, 0x00000000e9000000, 0x0000000100000000)
  eden space 118784K, 0% used [0x00000000e0000000,0x00000000e0000000,0x00000000e7400000)
  from space 11264K, 83% used [0x00000000e8500000,0x00000000e8e286a8,0x00000000e9000000)
  to   space 14336K, 0% used [0x00000000e7400000,0x00000000e7400000,0x00000000e8200000)
 ParOldGen       total 204800K, used 18102K [0x00000000a0000000, 0x00000000ac800000, 0x00000000e0000000)
  object space 204800K, 8% used [0x00000000a0000000,0x00000000a11ad8a8,0x00000000ac800000)
 Metaspace       used 41986K, capacity 42748K, committed 43008K, reserved 1087488K
  class space    used 5641K, capacity 5851K, committed 5888K, reserved 1048576K
}
Event: 8.727 GC heap before
{Heap before GC invocations=9 (full 2):
 PSYoungGen      total 130048K, used 128161K [0x00000000e0000000, 0x00000000e9000000, 0x0000000100000000)
  eden space 118784K, 100% used [0x00000000e0000000,0x00000000e7400000,0x00000000e7400000)
  from space 11264K, 83% used [0x00000000e8500000,0x00000000e8e286a8,0x00000000e9000000)
  to   space 14336K, 0% used [0x00000000e7400000,0x00000000e7400000,0x00000000e8200000)
 ParOldGen       total 204800K, used 18102K [0x00000000a0000000, 0x00000000ac800000, 0x00000000e0000000)
  object space 204800K, 8% used [0x00000000a0000000,0x00000000a11ad8a8,0x00000000ac800000)
 Metaspace       used 47114K, capacity 48592K, committed 48768K, reserved 1091584K
  class space    used 6391K, capacity 6735K, committed 6784K, reserved 1048576K
Event: 8.743 GC heap after
Heap after GC invocations=9 (full 2):
 PSYoungGen      total 133120K, used 14324K [0x00000000e0000000, 0x00000000ec000000, 0x0000000100000000)
  eden space 118784K, 0% used [0x00000000e0000000,0x00000000e0000000,0x00000000e7400000)
  from space 14336K, 99% used [0x00000000e7400000,0x00000000e81fd180,0x00000000e8200000)
  to   space 17408K, 0% used [0x00000000eaf00000,0x00000000eaf00000,0x00000000ec000000)
 ParOldGen       total 204800K, used 20653K [0x00000000a0000000, 0x00000000ac800000, 0x00000000e0000000)
  object space 204800K, 10% used [0x00000000a0000000,0x00000000a142b468,0x00000000ac800000)
 Metaspace       used 47114K, capacity 48592K, committed 48768K, reserved 1091584K
  class space    used 6391K, capacity 6735K, committed 6784K, reserved 1048576K
}
Event: 11.661 GC heap before
{Heap before GC invocations=10 (full 2):
 PSYoungGen      total 133120K, used 133108K [0x00000000e0000000, 0x00000000ec000000, 0x0000000100000000)
  eden space 118784K, 100% used [0x00000000e0000000,0x00000000e7400000,0x00000000e7400000)
  from space 14336K, 99% used [0x00000000e7400000,0x00000000e81fd180,0x00000000e8200000)
  to   space 17408K, 0% used [0x00000000eaf00000,0x00000000eaf00000,0x00000000ec000000)
 ParOldGen       total 204800K, used 20653K [0x00000000a0000000, 0x00000000ac800000, 0x00000000e0000000)
  object space 204800K, 10% used [0x00000000a0000000,0x00000000a142b468,0x00000000ac800000)
 Metaspace       used 55971K, capacity 57612K, committed 57856K, reserved 1099776K
  class space    used 7559K, capacity 7931K, committed 7936K, reserved 1048576K
Event: 11.675 GC heap after
Heap after GC invocations=10 (full 2):
 PSYoungGen      total 175616K, used 17383K [0x00000000e0000000, 0x00000000ec400000, 0x0000000100000000)
  eden space 158208K, 0% used [0x00000000e0000000,0x00000000e0000000,0x00000000e9a80000)
  from space 17408K, 99% used [0x00000000eaf00000,0x00000000ebff9f58,0x00000000ec000000)
  to   space 20992K, 0% used [0x00000000e9a80000,0x00000000e9a80000,0x00000000eaf00000)
 ParOldGen       total 204800K, used 23202K [0x00000000a0000000, 0x00000000ac800000, 0x00000000e0000000)
  object space 204800K, 11% used [0x00000000a0000000,0x00000000a16a8a20,0x00000000ac800000)
 Metaspace       used 55971K, capacity 57612K, committed 57856K, reserved 1099776K
  class space    used 7559K, capacity 7931K, committed 7936K, reserved 1048576K
}
Event: 12.289 GC heap before
{Heap before GC invocations=11 (full 2):
 PSYoungGen      total 175616K, used 62435K [0x00000000e0000000, 0x00000000ec400000, 0x0000000100000000)
  eden space 158208K, 28% used [0x00000000e0000000,0x00000000e2bfee10,0x00000000e9a80000)
  from space 17408K, 99% used [0x00000000eaf00000,0x00000000ebff9f58,0x00000000ec000000)
  to   space 20992K, 0% used [0x00000000e9a80000,0x00000000e9a80000,0x00000000eaf00000)
 ParOldGen       total 204800K, used 23202K [0x00000000a0000000, 0x00000000ac800000, 0x00000000e0000000)
  object space 204800K, 11% used [0x00000000a0000000,0x00000000a16a8a20,0x00000000ac800000)
 Metaspace       used 57386K, capacity 59052K, committed 59160K, reserved 1099776K
  class space    used 7665K, capacity 8027K, committed 8064K, reserved 1048576K
Event: 12.311 GC heap after
Heap after GC invocations=11 (full 2):
 PSYoungGen      total 179200K, used 20966K [0x00000000e0000000, 0x00000000efb00000, 0x0000000100000000)
  eden space 158208K, 0% used [0x00000000e0000000,0x00000000e0000000,0x00000000e9a80000)
  from space 20992K, 99% used [0x00000000e9a80000,0x00000000eaef9ad8,0x00000000eaf00000)
  to   space 26624K, 0% used [0x00000000ee100000,0x00000000ee100000,0x00000000efb00000)
 ParOldGen       total 204800K, used 30351K [0x00000000a0000000, 0x00000000ac800000, 0x00000000e0000000)
  object space 204800K, 14% used [0x00000000a0000000,0x00000000a1da3f40,0x00000000ac800000)
 Metaspace       used 57386K, capacity 59052K, committed 59160K, reserved 1099776K
  class space    used 7665K, capacity 8027K, committed 8064K, reserved 1048576K
}
Event: 12.311 GC heap before
{Heap before GC invocations=12 (full 3):
 PSYoungGen      total 179200K, used 20966K [0x00000000e0000000, 0x00000000efb00000, 0x0000000100000000)
  eden space 158208K, 0% used [0x00000000e0000000,0x00000000e0000000,0x00000000e9a80000)
  from space 20992K, 99% used [0x00000000e9a80000,0x00000000eaef9ad8,0x00000000eaf00000)
  to   space 26624K, 0% used [0x00000000ee100000,0x00000000ee100000,0x00000000efb00000)
 ParOldGen       total 204800K, used 30351K [0x00000000a0000000, 0x00000000ac800000, 0x00000000e0000000)
  object space 204800K, 14% used [0x00000000a0000000,0x00000000a1da3f40,0x00000000ac800000)
 Metaspace       used 57386K, capacity 59052K, committed 59160K, reserved 1099776K
  class space    used 7665K, capacity 8027K, committed 8064K, reserved 1048576K
Event: 12.518 GC heap after
Heap after GC invocations=12 (full 3):
 PSYoungGen      total 179200K, used 0K [0x00000000e0000000, 0x00000000efb00000, 0x0000000100000000)
  eden space 158208K, 0% used [0x00000000e0000000,0x00000000e0000000,0x00000000e9a80000)
  from space 20992K, 0% used [0x00000000e9a80000,0x00000000e9a80000,0x00000000eaf00000)
  to   space 26624K, 0% used [0x00000000ee100000,0x00000000ee100000,0x00000000efb00000)
 ParOldGen       total 298496K, used 41502K [0x00000000a0000000, 0x00000000b2380000, 0x00000000e0000000)
  object space 298496K, 13% used [0x00000000a0000000,0x00000000a2887bc0,0x00000000b2380000)
 Metaspace       used 57384K, capacity 59046K, committed 59160K, reserved 1099776K
  class space    used 7664K, capacity 8026K, committed 8064K, reserved 1048576K
}

